<?xml version="1.0" encoding="UTF-8"?>
<!-- Generated by org.testng.reporters.JUnitXMLReporter -->
<testsuite ignored="4" hostname="LTIN171736" failures="1" tests="12" name="Test" time="120.579" errors="0" timestamp="2024-02-29T13:26:58 IST">
  <testcase classname="testCases.TC_01_CarWashingServices" name="checkLocation" time="23.241"/>
  <testcase classname="testCases.TC_01_CarWashingServices" name="searchCarWashingSrvcs" time="7.008"/>
  <testcase classname="testCases.TC_01_CarWashingServices" name="applyFilters" time="7.719"/>
  <testcase classname="testCases.TC_01_CarWashingServices" name="clickContactButton" time="22.669"/>
  <testcase classname="testCases.TC_01_CarWashingServices" name="printCarWashingSrvcsDetails" time="7.958"/>
  <testcase classname="testCases.TC_02_LauchFreeListing" name="launchFreeListing" time="4.185"/>
  <testcase classname="testCases.TC_02_LauchFreeListing" name="clickStartNowBtn" time="2.109"/>
  <testcase classname="testCases.TC_02_LauchFreeListing" name="printInvalidMessage" time="2.048"/>
  <testcase classname="testCases.TC_02_LauchFreeListing" name="navigateBack" time="2.061"/>
  <testcase classname="testCases.TC_03_Gyms" name="clickGymSection" time="3.749"/>
  <testcase classname="testCases.TC_03_Gyms" name="printGymSubList" time="5.187"/>
  <testcase classname="testCases.TC_03_Gyms" name="printSubMenuList" time="1.233">
    <failure type="org.openqa.selenium.ElementClickInterceptedException" message="element click intercepted: Element &amp;lt;li role=&amp;quot;menuitem&amp;quot; tabindex=&amp;quot;0&amp;quot; aria-haspopup=&amp;quot;listbox&amp;quot; class=&amp;quot;jsx-6ab5af3a8693e5db resfilter_item_outer   &amp;quot;&amp;gt;...&amp;lt;/li&amp;gt; is not clickable at point (67, 300). Other element would receive the click: &amp;lt;section class=&amp;quot;jsx-ed08c56ad83f4a78 jd_modal new__login_pop loginPop &amp;quot;&amp;gt;...&amp;lt;/section&amp;gt;
  (Session info: chrome=117.0.5938.150)
Build info: version: &amp;apos;4.17.0&amp;apos;, revision: &amp;apos;e52b1be057*&amp;apos;
System info: os.name: &amp;apos;Windows 11&amp;apos;, os.arch: &amp;apos;amd64&amp;apos;, os.version: &amp;apos;10.0&amp;apos;, java.version: &amp;apos;17.0.9&amp;apos;
Driver info: org.openqa.selenium.chrome.ChromeDriver
Command: [1bad10f105666e1f8616734c1d12f88d, clickElement {id=257EE2474F562A632533BCCEEB87FBCD_element_402}]
Capabilities {acceptInsecureCerts: false, browserName: chrome, browserVersion: 117.0.5938.150, chrome: {chromedriverVersion: 117.0.5938.149 (e3344ddefa1..., userDataDir: C:\Windows\SystemTemp\scope...}, fedcm:accounts: true, goog:chromeOptions: {debuggerAddress: localhost:54738}, networkConnectionEnabled: false, pageLoadStrategy: normal, platformName: windows, proxy: Proxy(), se:cdp: ws://localhost:54738/devtoo..., se:cdpVersion: 117.0.5938.150, setWindowRect: true, strictFileInteractability: false, timeouts: {implicit: 0, pageLoad: 300000, script: 30000}, unhandledPromptBehavior: dismiss and notify, webauthn:extension:credBlob: true, webauthn:extension:largeBlob: true, webauthn:extension:minPinLength: true, webauthn:extension:prf: true, webauthn:virtualAuthenticators: true}
Element: [[ChromeDriver: chrome on windows (1bad10f105666e1f8616734c1d12f88d)] -&amp;gt; xpath: //ul[@id=&amp;quot;filter_ul&amp;quot;]/li]
Session ID: 1bad10f105666e1f8616734c1d12f88d">
      <![CDATA[org.openqa.selenium.ElementClickInterceptedException: element click intercepted: Element <li role="menuitem" tabindex="0" aria-haspopup="listbox" class="jsx-6ab5af3a8693e5db resfilter_item_outer   ">...</li> is not clickable at point (67, 300). Other element would receive the click: <section class="jsx-ed08c56ad83f4a78 jd_modal new__login_pop loginPop ">...</section>
  (Session info: chrome=117.0.5938.150)
Build info: version: '4.17.0', revision: 'e52b1be057*'
System info: os.name: 'Windows 11', os.arch: 'amd64', os.version: '10.0', java.version: '17.0.9'
Driver info: org.openqa.selenium.chrome.ChromeDriver
Command: [1bad10f105666e1f8616734c1d12f88d, clickElement {id=257EE2474F562A632533BCCEEB87FBCD_element_402}]
Capabilities {acceptInsecureCerts: false, browserName: chrome, browserVersion: 117.0.5938.150, chrome: {chromedriverVersion: 117.0.5938.149 (e3344ddefa1..., userDataDir: C:\Windows\SystemTemp\scope...}, fedcm:accounts: true, goog:chromeOptions: {debuggerAddress: localhost:54738}, networkConnectionEnabled: false, pageLoadStrategy: normal, platformName: windows, proxy: Proxy(), se:cdp: ws://localhost:54738/devtoo..., se:cdpVersion: 117.0.5938.150, setWindowRect: true, strictFileInteractability: false, timeouts: {implicit: 0, pageLoad: 300000, script: 30000}, unhandledPromptBehavior: dismiss and notify, webauthn:extension:credBlob: true, webauthn:extension:largeBlob: true, webauthn:extension:minPinLength: true, webauthn:extension:prf: true, webauthn:virtualAuthenticators: true}
Element: [[ChromeDriver: chrome on windows (1bad10f105666e1f8616734c1d12f88d)] -> xpath: //ul[@id="filter_ul"]/li]
Session ID: 1bad10f105666e1f8616734c1d12f88d
at org.openqa.selenium.remote.codec.w3c.W3CHttpResponseCodec.createException(W3CHttpResponseCodec.java:185)
at org.openqa.selenium.remote.codec.w3c.W3CHttpResponseCodec.decode(W3CHttpResponseCodec.java:134)
at org.openqa.selenium.remote.codec.w3c.W3CHttpResponseCodec.decode(W3CHttpResponseCodec.java:51)
at org.openqa.selenium.remote.HttpCommandExecutor.execute(HttpCommandExecutor.java:190)
at org.openqa.selenium.remote.service.DriverCommandExecutor.invokeExecute(DriverCommandExecutor.java:216)
at org.openqa.selenium.remote.service.DriverCommandExecutor.execute(DriverCommandExecutor.java:174)
at org.openqa.selenium.remote.RemoteWebDriver.execute(RemoteWebDriver.java:519)
at org.openqa.selenium.remote.RemoteWebElement.execute(RemoteWebElement.java:223)
at org.openqa.selenium.remote.RemoteWebElement.click(RemoteWebElement.java:76)
at pageObjects.Gyms.subMenuDetails(Gyms.java:50)
at testCases.TC_03_Gyms.printSubMenuList(TC_03_Gyms.java:32)
at java.base/java.util.ArrayList.forEach(ArrayList.java:1511)
... Removed 32 stack frames]]>
    </failure>
  </testcase> <!-- printSubMenuList -->
  <testcase classname="testBase.BaseClass" name="@BeforeTest setup" time="0.0">
    <ignored/>
  </testcase> <!-- @BeforeTest setup -->
  <testcase classname="testBase.BaseClass" name="@AfterTest tearDown" time="0.0">
    <ignored/>
  </testcase> <!-- @AfterTest tearDown -->
  <testcase classname="testBase.BaseClass" name="@BeforeTest setup" time="0.0">
    <ignored/>
  </testcase> <!-- @BeforeTest setup -->
  <testcase classname="testBase.BaseClass" name="@AfterTest tearDown" time="0.0">
    <ignored/>
  </testcase> <!-- @AfterTest tearDown -->
</testsuite> <!-- Test -->
